[debug] [2024-08-10T21:15:29.748Z] ----------------------------------------------------------------------
[debug] [2024-08-10T21:15:29.750Z] Command:       C:\Program Files\nodejs\node.exe C:\Users\vyash\AppData\Roaming\npm\node_modules\firebase-tools\lib\bin\firebase.js init
[debug] [2024-08-10T21:15:29.751Z] CLI Version:   13.15.1
[debug] [2024-08-10T21:15:29.751Z] Platform:      win32
[debug] [2024-08-10T21:15:29.751Z] Node Version:  v22.5.1
[debug] [2024-08-10T21:15:29.751Z] Time:          Sun Aug 11 2024 02:45:29 GMT+0530 (India Standard Time)
[debug] [2024-08-10T21:15:29.751Z] ----------------------------------------------------------------------
[debug] 
[debug] [2024-08-10T21:15:29.758Z] > command requires scopes: ["email","openid","https://www.googleapis.com/auth/cloudplatformprojects.readonly","https://www.googleapis.com/auth/firebase","https://www.googleapis.com/auth/cloud-platform"]
[debug] [2024-08-10T21:15:29.759Z] > authorizing via signed-in user (vyashwanth179@gmail.com)
[info] 
     ######## #### ########  ######## ########     ###     ######  ########
     ##        ##  ##     ## ##       ##     ##  ##   ##  ##       ##
     ######    ##  ########  ######   ########  #########  ######  ######
     ##        ##  ##    ##  ##       ##     ## ##     ##       ## ##
     ##       #### ##     ## ######## ########  ##     ##  ######  ########

You're about to initialize a Firebase project in this directory:

  C:\Users\vyash\OneDrive\Desktop\integration

[info] 
=== Project Setup
[info] 
[info] First, let's associate this project directory with a Firebase project.
[info] You can create multiple project aliases by running firebase use --add, 
[info] but for now we'll just set up a default project.
[info] 
[debug] [2024-08-10T21:15:53.507Z] > refreshing access token with scopes: []
[debug] [2024-08-10T21:15:53.510Z] >>> [apiv2][query] POST https://www.googleapis.com/oauth2/v3/token [none]
[debug] [2024-08-10T21:15:53.510Z] >>> [apiv2][body] POST https://www.googleapis.com/oauth2/v3/token [omitted]
[debug] [2024-08-10T21:15:53.807Z] <<< [apiv2][status] POST https://www.googleapis.com/oauth2/v3/token 200
[debug] [2024-08-10T21:15:53.807Z] <<< [apiv2][body] POST https://www.googleapis.com/oauth2/v3/token [omitted]
[debug] [2024-08-10T21:15:53.825Z] >>> [apiv2][query] GET https://firebase.googleapis.com/v1beta1/projects pageSize=100
[debug] [2024-08-10T21:15:54.799Z] <<< [apiv2][status] GET https://firebase.googleapis.com/v1beta1/projects 200
[debug] [2024-08-10T21:15:54.799Z] <<< [apiv2][body] GET https://firebase.googleapis.com/v1beta1/projects [omitted]
[info] i  Using project login-form-304d1 (login form) 
[info] 
=== Hosting Setup
[debug] [2024-08-10T21:16:00.141Z] >>> [apiv2][query] GET https://firebase.googleapis.com/v1beta1/projects/login-form-304d1 [none]
[debug] [2024-08-10T21:16:00.660Z] <<< [apiv2][status] GET https://firebase.googleapis.com/v1beta1/projects/login-form-304d1 200
[debug] [2024-08-10T21:16:00.660Z] <<< [apiv2][body] GET https://firebase.googleapis.com/v1beta1/projects/login-form-304d1 {"projectId":"login-form-304d1","projectNumber":"243683788757","displayName":"login form","name":"projects/login-form-304d1","resources":{"hostingSite":"login-form-304d1"},"state":"ACTIVE","etag":"1_2e825b3e-ba83-44fd-98a4-c624e7435e1a"}
[info] 
[info] Your public directory is the folder (relative to your project directory) that
[info] will contain Hosting assets to be uploaded with firebase deploy. If you
[info] have a build process for your assets, use your build's output directory.
[info] 
[info] +  Wrote public/404.html 
[debug] [2024-08-10T21:18:02.959Z] >>> [apiv2][query] GET https://www.gstatic.com/firebasejs/releases.json [none]
[debug] [2024-08-10T21:18:03.212Z] <<< [apiv2][status] GET https://www.gstatic.com/firebasejs/releases.json 200
[debug] [2024-08-10T21:18:03.212Z] <<< [apiv2][body] GET https://www.gstatic.com/firebasejs/releases.json {"current":{"version":"10.12.5","browserURL":"https://www.gstatic.com/firebasejs/10.12.5/firebase.js","packageURL":"https://www.gstatic.com/firebasejs/10.12.5/firebase.tgz"},"live":{"version":"10.12","browserURL":"https://www.gstatic.com/firebasejs/live/10.12/firebase.js","packageURL":"https://www.gstatic.com/firebasejs/live/10.12/firebase.tgz"},"components":{"analytics":"https://www.gstatic.com/firebasejs/10.12.5/firebase-analytics.js","app":"https://www.gstatic.com/firebasejs/10.12.5/firebase-app.js","app-check":"https://www.gstatic.com/firebasejs/10.12.5/firebase-app-check.js","auth":"https://www.gstatic.com/firebasejs/10.12.5/firebase-auth.js","auth/cordova":"https://www.gstatic.com/firebasejs/10.12.5/firebase-auth/cordova.js","auth/web-extension":"https://www.gstatic.com/firebasejs/10.12.5/firebase-auth/web-extension.js","functions":"https://www.gstatic.com/firebasejs/10.12.5/firebase-functions.js","firestore":"https://www.gstatic.com/firebasejs/10.12.5/firebase-firestore.js","firestore/lite":"https://www.gstatic.com/firebasejs/10.12.5/firebase-firestore/lite.js","installations":"https://www.gstatic.com/firebasejs/10.12.5/firebase-installations.js","storage":"https://www.gstatic.com/firebasejs/10.12.5/firebase-storage.js","performance":"https://www.gstatic.com/firebasejs/10.12.5/firebase-performance.js","remote-config":"https://www.gstatic.com/firebasejs/10.12.5/firebase-remote-config.js","messaging":"https://www.gstatic.com/firebasejs/10.12.5/firebase-messaging.js","messaging/sw":"https://www.gstatic.com/firebasejs/10.12.5/firebase-messaging/sw.js","database":"https://www.gstatic.com/firebasejs/10.12.5/firebase-database.js","vertexai-preview":"https://www.gstatic.com/firebasejs/10.12.5/firebase-vertexai-preview.js","firestore.memory":"https://www.gstatic.com/firebasejs/10.12.5/firebase-firestore.memory.js"}}
[info] i  Skipping write of public/index.html 
[info] 
[info] i  Writing configuration info to firebase.json... 
[info] i  Writing project information to .firebaserc... 
[info] i  Writing gitignore file to .gitignore... 
[info] 
[info] +  Firebase initialization complete! 
